Arguments: 
  /Users/zhannum/.nvm/versions/node/v16.15.1/bin/node /Users/zhannum/.nvm/versions/node/v16.15.1/bin/yarn add --dev @types/mdx-js/react

PATH: 
  /Users/zhannum/.nvm/versions/node/v16.15.1/bin:/opt/homebrew/bin:/opt/homebrew/sbin:/usr/local/bin:/usr/bin:/bin:/usr/sbin:/sbin:/Library/Apple/usr/bin:/Users/zhannum/.nvm/versions/node/v16.15.1/bin:/opt/homebrew/bin:/opt/homebrew/sbin

Yarn version: 
  1.22.19

Node version: 
  16.15.1

Platform: 
  darwin arm64

Trace: 
  Error: https://registry.yarnpkg.com/@types%2fmdx-js/react: Request "https://registry.yarnpkg.com/@types%2fmdx-js/react" returned a 405
      at Request.params.callback [as _callback] (/Users/zhannum/.nvm/versions/node/v16.15.1/lib/node_modules/yarn/lib/cli.js:66154:18)
      at Request.self.callback (/Users/zhannum/.nvm/versions/node/v16.15.1/lib/node_modules/yarn/lib/cli.js:140890:22)
      at Request.emit (node:events:527:28)
      at Request.<anonymous> (/Users/zhannum/.nvm/versions/node/v16.15.1/lib/node_modules/yarn/lib/cli.js:141862:10)
      at Request.emit (node:events:527:28)
      at IncomingMessage.<anonymous> (/Users/zhannum/.nvm/versions/node/v16.15.1/lib/node_modules/yarn/lib/cli.js:141784:12)
      at Object.onceWrapper (node:events:641:28)
      at IncomingMessage.emit (node:events:539:35)
      at endReadableNT (node:internal/streams/readable:1345:12)
      at processTicksAndRejections (node:internal/process/task_queues:83:21)

npm manifest: 
  {
    "name": "the-dark-between",
    "version": "1.0.0",
    "private": true,
    "description": "the-dark-between",
    "author": "Zach Hannum",
    "keywords": [
      "gatsby"
    ],
    "scripts": {
      "develop": "gatsby develop",
      "start": "gatsby develop",
      "build": "gatsby build",
      "serve": "gatsby serve",
      "clean": "gatsby clean",
      "typecheck": "tsc --noEmit"
    },
    "dependencies": {
      "@mdx-js/mdx": "^1.6.22",
      "@mdx-js/react": "^1.6.22",
      "babel-plugin-styled-components": "^2.0.7",
      "gatsby": "^4.17.2",
      "gatsby-plugin-image": "^2.17.0",
      "gatsby-plugin-mdx": "^3.17.0",
      "gatsby-plugin-react-helmet": "^5.17.0",
      "gatsby-plugin-sharp": "^4.17.0",
      "gatsby-plugin-styled-components": "^5.17.0",
      "gatsby-source-filesystem": "^4.17.0",
      "gatsby-transformer-sharp": "^4.17.0",
      "react": "^18.1.0",
      "react-dom": "^18.1.0",
      "react-helmet": "^6.1.0",
      "styled-components": "^5.3.5"
    },
    "devDependencies": {
      "@types/node": "^17.0.45",
      "@types/react": "^18.0.14",
      "@types/react-dom": "^18.0.5",
      "typescript": "^4.7.4"
    }
  }

yarn manifest: 
  No manifest

Lockfile: 
  No lockfile
